<?xml version="1.0" encoding="UTF-8"?>
<testsuite name="com.csc.TestFuzzyFinder" tests="2" skipped="0" failures="0" errors="0" timestamp="2024-11-07T04:31:13" hostname="Akshats-MacBook-Air.local" time="0.011">
  <properties/>
  <testcase name="testBinarySearchForGolden()" classname="com.csc.TestFuzzyFinder" time="0.008"/>
  <testcase name="testLinearSearchForGolden()" classname="com.csc.TestFuzzyFinder" time="0.002"/>
  <system-out><![CDATA[]]></system-out>
  <system-err><![CDATA[]]></system-err>
</testsuite>
